{"uid":"48d9fe941e1b3875","name":"deleteCommentPostNotExist","fullName":"com.github.aceton41k.api.AppTests.deleteCommentPostNotExist","historyId":"335715281ece7b8382e242c2e604a592","time":{"start":1727365175383,"stop":1727365175433,"duration":50},"status":"broken","statusMessage":"com.fasterxml.jackson.databind.exc.UnrecognizedPropertyException: Unrecognized field \"error\" (class com.github.aceton41k.model.ErrorResponse), not marked as ignorable (5 known properties: \"title\", \"detail\", \"type\", \"instance\", \"status\"])\n at [Source: REDACTED (`StreamReadFeature.INCLUDE_SOURCE_IN_LOCATION` disabled); line: 1, column: 11] (through reference chain: com.github.aceton41k.model.ErrorResponse[\"error\"])","statusTrace":"java.lang.RuntimeException: com.fasterxml.jackson.databind.exc.UnrecognizedPropertyException: Unrecognized field \"error\" (class com.github.aceton41k.model.ErrorResponse), not marked as ignorable (5 known properties: \"title\", \"detail\", \"type\", \"instance\", \"status\"])\n at [Source: REDACTED (`StreamReadFeature.INCLUDE_SOURCE_IN_LOCATION` disabled); line: 1, column: 11] (through reference chain: com.github.aceton41k.model.ErrorResponse[\"error\"])\n\tat io.restassured.internal.path.json.mapping.JsonPathJackson2ObjectDeserializer.deserialize(JsonPathJackson2ObjectDeserializer.java:30)\n\tat io.restassured.path.json.mapping.JsonPathObjectDeserializer$deserialize.call(Unknown Source)\n\tat io.restassured.internal.mapping.Jackson2Mapper.deserialize(Jackson2Mapper.groovy:58)\n\tat io.restassured.mapper.ObjectMapper$deserialize$0.call(Unknown Source)\n\tat io.restassured.internal.mapping.ObjectMapping.parseWithJackson2(ObjectMapping.groovy:254)\n\tat io.restassured.internal.mapping.ObjectMapping$parseWithJackson2$1.callStatic(Unknown Source)\n\tat io.restassured.internal.mapping.ObjectMapping.deserialize(ObjectMapping.groovy:56)\n\tat io.restassured.internal.mapping.ObjectMapping$deserialize$0.call(Unknown Source)\n\tat io.restassured.internal.RestAssuredResponseOptionsGroovyImpl.as(RestAssuredResponseOptionsGroovyImpl.groovy:229)\n\tat io.restassured.internal.RestAssuredResponseOptionsImpl.as(RestAssuredResponseOptionsImpl.java:169)\n\tat com.github.aceton41k.api.AppTests.deleteCommentPostNotExist(AppTests.java:298)\n\tat java.base/jdk.internal.reflect.DirectMethodHandleAccessor.invoke(DirectMethodHandleAccessor.java:103)\n\tat java.base/java.lang.reflect.Method.invoke(Method.java:580)\n\tat org.testng.internal.invokers.MethodInvocationHelper.invokeMethod(MethodInvocationHelper.java:141)\n\tat org.testng.internal.invokers.TestInvoker.invokeMethod(TestInvoker.java:686)\n\tat org.testng.internal.invokers.TestInvoker.invokeTestMethod(TestInvoker.java:230)\n\tat org.testng.internal.invokers.MethodRunner.runInSequence(MethodRunner.java:63)\n\tat org.testng.internal.invokers.TestInvoker$MethodInvocationAgent.invoke(TestInvoker.java:992)\n\tat org.testng.internal.invokers.TestInvoker.invokeTestMethods(TestInvoker.java:203)\n\tat org.testng.internal.invokers.TestMethodWorker.invokeTestMethods(TestMethodWorker.java:154)\n\tat org.testng.internal.invokers.TestMethodWorker.run(TestMethodWorker.java:134)\n\tat java.base/java.util.ArrayList.forEach(ArrayList.java:1597)\n\tat org.testng.TestRunner.privateRun(TestRunner.java:739)\n\tat org.testng.TestRunner.run(TestRunner.java:614)\n\tat org.testng.SuiteRunner.runTest(SuiteRunner.java:421)\n\tat org.testng.SuiteRunner.runSequentially(SuiteRunner.java:413)\n\tat org.testng.SuiteRunner.privateRun(SuiteRunner.java:373)\n\tat org.testng.SuiteRunner.run(SuiteRunner.java:312)\n\tat org.testng.SuiteRunnerWorker.runSuite(SuiteRunnerWorker.java:52)\n\tat org.testng.SuiteRunnerWorker.run(SuiteRunnerWorker.java:95)\n\tat org.testng.TestNG.runSuitesSequentially(TestNG.java:1274)\n\tat org.testng.TestNG.runSuitesLocally(TestNG.java:1208)\n\tat org.testng.TestNG.runSuites(TestNG.java:1112)\n\tat org.testng.TestNG.run(TestNG.java:1079)\n\tat org.gradle.api.internal.tasks.testing.testng.TestNGTestClassProcessor.runTests(TestNGTestClassProcessor.java:153)\n\tat org.gradle.api.internal.tasks.testing.testng.TestNGTestClassProcessor.stop(TestNGTestClassProcessor.java:96)\n\tat org.gradle.api.internal.tasks.testing.SuiteTestClassProcessor.stop(SuiteTestClassProcessor.java:62)\n\tat java.base/jdk.internal.reflect.DirectMethodHandleAccessor.invoke(DirectMethodHandleAccessor.java:103)\n\tat java.base/java.lang.reflect.Method.invoke(Method.java:580)\n\tat org.gradle.internal.dispatch.ReflectionDispatch.dispatch(ReflectionDispatch.java:36)\n\tat org.gradle.internal.dispatch.ReflectionDispatch.dispatch(ReflectionDispatch.java:24)\n\tat org.gradle.internal.dispatch.ContextClassLoaderDispatch.dispatch(ContextClassLoaderDispatch.java:33)\n\tat org.gradle.internal.dispatch.ProxyDispatchAdapter$DispatchingInvocationHandler.invoke(ProxyDispatchAdapter.java:94)\n\tat jdk.proxy1/jdk.proxy1.$Proxy2.stop(Unknown Source)\n\tat org.gradle.api.internal.tasks.testing.worker.TestWorker$3.run(TestWorker.java:193)\n\tat org.gradle.api.internal.tasks.testing.worker.TestWorker.executeAndMaintainThreadName(TestWorker.java:129)\n\tat org.gradle.api.internal.tasks.testing.worker.TestWorker.execute(TestWorker.java:100)\n\tat org.gradle.api.internal.tasks.testing.worker.TestWorker.execute(TestWorker.java:60)\n\tat org.gradle.process.internal.worker.child.ActionExecutionWorker.execute(ActionExecutionWorker.java:56)\n\tat org.gradle.process.internal.worker.child.SystemApplicationClassLoaderWorker.call(SystemApplicationClassLoaderWorker.java:119)\n\tat org.gradle.process.internal.worker.child.SystemApplicationClassLoaderWorker.call(SystemApplicationClassLoaderWorker.java:66)\n\tat worker.org.gradle.process.internal.worker.GradleWorkerMain.run(GradleWorkerMain.java:69)\n\tat worker.org.gradle.process.internal.worker.GradleWorkerMain.main(GradleWorkerMain.java:74)\nCaused by: com.fasterxml.jackson.databind.exc.UnrecognizedPropertyException: Unrecognized field \"error\" (class com.github.aceton41k.model.ErrorResponse), not marked as ignorable (5 known properties: \"title\", \"detail\", \"type\", \"instance\", \"status\"])\n at [Source: REDACTED (`StreamReadFeature.INCLUDE_SOURCE_IN_LOCATION` disabled); line: 1, column: 11] (through reference chain: com.github.aceton41k.model.ErrorResponse[\"error\"])\n\tat com.fasterxml.jackson.databind.exc.UnrecognizedPropertyException.from(UnrecognizedPropertyException.java:61)\n\tat com.fasterxml.jackson.databind.DeserializationContext.handleUnknownProperty(DeserializationContext.java:1153)\n\tat com.fasterxml.jackson.databind.deser.std.StdDeserializer.handleUnknownProperty(StdDeserializer.java:2241)\n\tat com.fasterxml.jackson.databind.deser.BeanDeserializerBase.handleUnknownProperty(BeanDeserializerBase.java:1793)\n\tat com.fasterxml.jackson.databind.deser.BeanDeserializerBase.handleUnknownVanilla(BeanDeserializerBase.java:1771)\n\tat com.fasterxml.jackson.databind.deser.BeanDeserializer.vanillaDeserialize(BeanDeserializer.java:316)\n\tat com.fasterxml.jackson.databind.deser.BeanDeserializer.deserialize(BeanDeserializer.java:177)\n\tat com.fasterxml.jackson.databind.deser.DefaultDeserializationContext.readRootValue(DefaultDeserializationContext.java:342)\n\tat com.fasterxml.jackson.databind.ObjectMapper._readMapAndClose(ObjectMapper.java:4905)\n\tat com.fasterxml.jackson.databind.ObjectMapper.readValue(ObjectMapper.java:3848)\n\tat io.restassured.internal.path.json.mapping.JsonPathJackson2ObjectDeserializer.deserialize(JsonPathJackson2ObjectDeserializer.java:28)\n\t... 52 more\n","flaky":false,"newFailed":false,"newBroken":false,"newPassed":false,"retriesCount":0,"retriesStatusChange":false,"beforeStages":[{"name":"setUp","time":{"start":1727365168805,"stop":1727365169702,"duration":897},"description":"","status":"passed","steps":[],"attachments":[],"parameters":[],"shouldDisplayMessage":false,"stepsCount":0,"attachmentsCount":0,"hasContent":false,"attachmentStep":false},{"name":"beforeClass","time":{"start":1727365169704,"stop":1727365173091,"duration":3387},"description":"","status":"passed","steps":[{"name":"Sign up","time":{"start":1727365170524,"stop":1727365172730,"duration":2206},"status":"passed","steps":[],"attachments":[{"uid":"157deeffeb7faac7","name":"Request","source":"157deeffeb7faac7.html","type":"text/html","size":836},{"uid":"36b3912c6dcc4b11","name":"HTTP/1.1 200 ","source":"36b3912c6dcc4b11.html","type":"text/html","size":1300}],"parameters":[{"name":"email","value":"ambrose.abshire@gmail.com"},{"name":"password","value":"y8sxy"},{"name":"fullName","value":"Jacquelin Green"}],"shouldDisplayMessage":false,"stepsCount":0,"attachmentsCount":2,"hasContent":true,"attachmentStep":false},{"name":"Auth","time":{"start":1727365172731,"stop":1727365173091,"duration":360},"status":"passed","steps":[],"attachments":[{"uid":"4794e6d1cef0d6a9","name":"Request","source":"4794e6d1cef0d6a9.html","type":"text/html","size":724},{"uid":"d4842949d0f6f8a7","name":"HTTP/1.1 200 ","source":"d4842949d0f6f8a7.html","type":"text/html","size":903}],"parameters":[{"name":"email","value":"ambrose.abshire@gmail.com"},{"name":"password","value":"y8sxy"}],"shouldDisplayMessage":false,"stepsCount":0,"attachmentsCount":2,"hasContent":true,"attachmentStep":false}],"attachments":[],"parameters":[],"shouldDisplayMessage":false,"stepsCount":2,"attachmentsCount":4,"hasContent":true,"attachmentStep":false}],"testStage":{"status":"broken","statusMessage":"com.fasterxml.jackson.databind.exc.UnrecognizedPropertyException: Unrecognized field \"error\" (class com.github.aceton41k.model.ErrorResponse), not marked as ignorable (5 known properties: \"title\", \"detail\", \"type\", \"instance\", \"status\"])\n at [Source: REDACTED (`StreamReadFeature.INCLUDE_SOURCE_IN_LOCATION` disabled); line: 1, column: 11] (through reference chain: com.github.aceton41k.model.ErrorResponse[\"error\"])","statusTrace":"java.lang.RuntimeException: com.fasterxml.jackson.databind.exc.UnrecognizedPropertyException: Unrecognized field \"error\" (class com.github.aceton41k.model.ErrorResponse), not marked as ignorable (5 known properties: \"title\", \"detail\", \"type\", \"instance\", \"status\"])\n at [Source: REDACTED (`StreamReadFeature.INCLUDE_SOURCE_IN_LOCATION` disabled); line: 1, column: 11] (through reference chain: com.github.aceton41k.model.ErrorResponse[\"error\"])\n\tat io.restassured.internal.path.json.mapping.JsonPathJackson2ObjectDeserializer.deserialize(JsonPathJackson2ObjectDeserializer.java:30)\n\tat io.restassured.path.json.mapping.JsonPathObjectDeserializer$deserialize.call(Unknown Source)\n\tat io.restassured.internal.mapping.Jackson2Mapper.deserialize(Jackson2Mapper.groovy:58)\n\tat io.restassured.mapper.ObjectMapper$deserialize$0.call(Unknown Source)\n\tat io.restassured.internal.mapping.ObjectMapping.parseWithJackson2(ObjectMapping.groovy:254)\n\tat io.restassured.internal.mapping.ObjectMapping$parseWithJackson2$1.callStatic(Unknown Source)\n\tat io.restassured.internal.mapping.ObjectMapping.deserialize(ObjectMapping.groovy:56)\n\tat io.restassured.internal.mapping.ObjectMapping$deserialize$0.call(Unknown Source)\n\tat io.restassured.internal.RestAssuredResponseOptionsGroovyImpl.as(RestAssuredResponseOptionsGroovyImpl.groovy:229)\n\tat io.restassured.internal.RestAssuredResponseOptionsImpl.as(RestAssuredResponseOptionsImpl.java:169)\n\tat com.github.aceton41k.api.AppTests.deleteCommentPostNotExist(AppTests.java:298)\n\tat java.base/jdk.internal.reflect.DirectMethodHandleAccessor.invoke(DirectMethodHandleAccessor.java:103)\n\tat java.base/java.lang.reflect.Method.invoke(Method.java:580)\n\tat org.testng.internal.invokers.MethodInvocationHelper.invokeMethod(MethodInvocationHelper.java:141)\n\tat org.testng.internal.invokers.TestInvoker.invokeMethod(TestInvoker.java:686)\n\tat org.testng.internal.invokers.TestInvoker.invokeTestMethod(TestInvoker.java:230)\n\tat org.testng.internal.invokers.MethodRunner.runInSequence(MethodRunner.java:63)\n\tat org.testng.internal.invokers.TestInvoker$MethodInvocationAgent.invoke(TestInvoker.java:992)\n\tat org.testng.internal.invokers.TestInvoker.invokeTestMethods(TestInvoker.java:203)\n\tat org.testng.internal.invokers.TestMethodWorker.invokeTestMethods(TestMethodWorker.java:154)\n\tat org.testng.internal.invokers.TestMethodWorker.run(TestMethodWorker.java:134)\n\tat java.base/java.util.ArrayList.forEach(ArrayList.java:1597)\n\tat org.testng.TestRunner.privateRun(TestRunner.java:739)\n\tat org.testng.TestRunner.run(TestRunner.java:614)\n\tat org.testng.SuiteRunner.runTest(SuiteRunner.java:421)\n\tat org.testng.SuiteRunner.runSequentially(SuiteRunner.java:413)\n\tat org.testng.SuiteRunner.privateRun(SuiteRunner.java:373)\n\tat org.testng.SuiteRunner.run(SuiteRunner.java:312)\n\tat org.testng.SuiteRunnerWorker.runSuite(SuiteRunnerWorker.java:52)\n\tat org.testng.SuiteRunnerWorker.run(SuiteRunnerWorker.java:95)\n\tat org.testng.TestNG.runSuitesSequentially(TestNG.java:1274)\n\tat org.testng.TestNG.runSuitesLocally(TestNG.java:1208)\n\tat org.testng.TestNG.runSuites(TestNG.java:1112)\n\tat org.testng.TestNG.run(TestNG.java:1079)\n\tat org.gradle.api.internal.tasks.testing.testng.TestNGTestClassProcessor.runTests(TestNGTestClassProcessor.java:153)\n\tat org.gradle.api.internal.tasks.testing.testng.TestNGTestClassProcessor.stop(TestNGTestClassProcessor.java:96)\n\tat org.gradle.api.internal.tasks.testing.SuiteTestClassProcessor.stop(SuiteTestClassProcessor.java:62)\n\tat java.base/jdk.internal.reflect.DirectMethodHandleAccessor.invoke(DirectMethodHandleAccessor.java:103)\n\tat java.base/java.lang.reflect.Method.invoke(Method.java:580)\n\tat org.gradle.internal.dispatch.ReflectionDispatch.dispatch(ReflectionDispatch.java:36)\n\tat org.gradle.internal.dispatch.ReflectionDispatch.dispatch(ReflectionDispatch.java:24)\n\tat org.gradle.internal.dispatch.ContextClassLoaderDispatch.dispatch(ContextClassLoaderDispatch.java:33)\n\tat org.gradle.internal.dispatch.ProxyDispatchAdapter$DispatchingInvocationHandler.invoke(ProxyDispatchAdapter.java:94)\n\tat jdk.proxy1/jdk.proxy1.$Proxy2.stop(Unknown Source)\n\tat org.gradle.api.internal.tasks.testing.worker.TestWorker$3.run(TestWorker.java:193)\n\tat org.gradle.api.internal.tasks.testing.worker.TestWorker.executeAndMaintainThreadName(TestWorker.java:129)\n\tat org.gradle.api.internal.tasks.testing.worker.TestWorker.execute(TestWorker.java:100)\n\tat org.gradle.api.internal.tasks.testing.worker.TestWorker.execute(TestWorker.java:60)\n\tat org.gradle.process.internal.worker.child.ActionExecutionWorker.execute(ActionExecutionWorker.java:56)\n\tat org.gradle.process.internal.worker.child.SystemApplicationClassLoaderWorker.call(SystemApplicationClassLoaderWorker.java:119)\n\tat org.gradle.process.internal.worker.child.SystemApplicationClassLoaderWorker.call(SystemApplicationClassLoaderWorker.java:66)\n\tat worker.org.gradle.process.internal.worker.GradleWorkerMain.run(GradleWorkerMain.java:69)\n\tat worker.org.gradle.process.internal.worker.GradleWorkerMain.main(GradleWorkerMain.java:74)\nCaused by: com.fasterxml.jackson.databind.exc.UnrecognizedPropertyException: Unrecognized field \"error\" (class com.github.aceton41k.model.ErrorResponse), not marked as ignorable (5 known properties: \"title\", \"detail\", \"type\", \"instance\", \"status\"])\n at [Source: REDACTED (`StreamReadFeature.INCLUDE_SOURCE_IN_LOCATION` disabled); line: 1, column: 11] (through reference chain: com.github.aceton41k.model.ErrorResponse[\"error\"])\n\tat com.fasterxml.jackson.databind.exc.UnrecognizedPropertyException.from(UnrecognizedPropertyException.java:61)\n\tat com.fasterxml.jackson.databind.DeserializationContext.handleUnknownProperty(DeserializationContext.java:1153)\n\tat com.fasterxml.jackson.databind.deser.std.StdDeserializer.handleUnknownProperty(StdDeserializer.java:2241)\n\tat com.fasterxml.jackson.databind.deser.BeanDeserializerBase.handleUnknownProperty(BeanDeserializerBase.java:1793)\n\tat com.fasterxml.jackson.databind.deser.BeanDeserializerBase.handleUnknownVanilla(BeanDeserializerBase.java:1771)\n\tat com.fasterxml.jackson.databind.deser.BeanDeserializer.vanillaDeserialize(BeanDeserializer.java:316)\n\tat com.fasterxml.jackson.databind.deser.BeanDeserializer.deserialize(BeanDeserializer.java:177)\n\tat com.fasterxml.jackson.databind.deser.DefaultDeserializationContext.readRootValue(DefaultDeserializationContext.java:342)\n\tat com.fasterxml.jackson.databind.ObjectMapper._readMapAndClose(ObjectMapper.java:4905)\n\tat com.fasterxml.jackson.databind.ObjectMapper.readValue(ObjectMapper.java:3848)\n\tat io.restassured.internal.path.json.mapping.JsonPathJackson2ObjectDeserializer.deserialize(JsonPathJackson2ObjectDeserializer.java:28)\n\t... 52 more\n","steps":[{"name":"Delete comment","time":{"start":1727365175383,"stop":1727365175431,"duration":48},"status":"passed","steps":[],"attachments":[{"uid":"1ca523e874e7473b","name":"Request","source":"1ca523e874e7473b.html","type":"text/html","size":901},{"uid":"3e0b4c8efd6a8752","name":"HTTP/1.1 404 ","source":"3e0b4c8efd6a8752.html","type":"text/html","size":721}],"parameters":[{"name":"postId","value":"999999"},{"name":"commentId","value":"999999"}],"shouldDisplayMessage":false,"stepsCount":0,"attachmentsCount":2,"hasContent":true,"attachmentStep":false}],"attachments":[],"parameters":[],"shouldDisplayMessage":true,"stepsCount":1,"attachmentsCount":2,"hasContent":true,"attachmentStep":false},"afterStages":[{"name":"afterClass","time":{"start":1727365176764,"stop":1727365176919,"duration":155},"description":"","status":"passed","steps":[{"name":"Close jdbc connection","time":{"start":1727365176764,"stop":1727365176765,"duration":1},"status":"passed","steps":[],"attachments":[],"parameters":[],"shouldDisplayMessage":false,"stepsCount":0,"attachmentsCount":0,"hasContent":false,"attachmentStep":false},{"name":"Get actuator Info","time":{"start":1727365176765,"stop":1727365176803,"duration":38},"status":"passed","steps":[],"attachments":[{"uid":"85e2c90363062c5e","name":"Request","source":"85e2c90363062c5e.html","type":"text/html","size":423},{"uid":"9190787fd84bdd32","name":"HTTP/1.1 200 ","source":"9190787fd84bdd32.html","type":"text/html","size":910}],"parameters":[],"shouldDisplayMessage":false,"stepsCount":0,"attachmentsCount":2,"hasContent":true,"attachmentStep":false}],"attachments":[],"parameters":[],"shouldDisplayMessage":false,"stepsCount":2,"attachmentsCount":2,"hasContent":true,"attachmentStep":false}],"labels":[{"name":"package","value":"com.github.aceton41k.api.AppTests"},{"name":"testClass","value":"com.github.aceton41k.api.AppTests"},{"name":"testMethod","value":"deleteCommentPostNotExist"},{"name":"parentSuite","value":"Gradle suite"},{"name":"suite","value":"Gradle test"},{"name":"subSuite","value":"com.github.aceton41k.api.AppTests"},{"name":"host","value":"fv-az1456-664"},{"name":"thread","value":"3276@fv-az1456-664.Test worker(1)"},{"name":"framework","value":"testng"},{"name":"language","value":"java"},{"name":"resultFormat","value":"allure2"}],"parameters":[],"links":[],"hidden":false,"retry":false,"extra":{"severity":"normal","retries":[],"categories":[{"name":"Test defects","matchedStatuses":[],"flaky":false}],"tags":[]},"source":"48d9fe941e1b3875.json","parameterValues":[]}